<?xml version="1.0" encoding="UTF-8"?>
<testsuite xmlns:xsi="http://www.w3.org/2001/XMLSchema-instance" xsi:noNamespaceSchemaLocation="https://maven.apache.org/surefire/maven-surefire-plugin/xsd/surefire-test-report-3.0.xsd" version="3.0" name="TestSuite" time="31.45" tests="1" errors="0" skipped="0" failures="1">
  <properties>
    <property name="sun.desktop" value="windows"/>
    <property name="awt.toolkit" value="sun.awt.windows.WToolkit"/>
    <property name="java.specification.version" value="1.8"/>
    <property name="file.encoding.pkg" value="sun.io"/>
    <property name="log4j.configurationFile" value="D:\EclipseProjects\MIS\Orange\src\main\resources\resource\log4j2.xml"/>
    <property name="webdriver.chrome.driver" value="D:\EclipseProjects\MIS\Orange\src\main\resources\resource\chromedriver.exe"/>
    <property name="sun.cpu.isalist" value="amd64"/>
    <property name="sun.jnu.encoding" value="Cp1252"/>
    <property name="java.class.path" value="D:\EclipseProjects\MIS\Orange\target\test-classes;D:\EclipseProjects\MIS\Orange\target\classes;C:\Users\karthik.subramani\.m2\repository\org\seleniumhq\selenium\selenium-java\3.141.59\selenium-java-3.141.59.jar;C:\Users\karthik.subramani\.m2\repository\org\seleniumhq\selenium\selenium-api\3.141.59\selenium-api-3.141.59.jar;C:\Users\karthik.subramani\.m2\repository\org\seleniumhq\selenium\selenium-chrome-driver\3.141.59\selenium-chrome-driver-3.141.59.jar;C:\Users\karthik.subramani\.m2\repository\org\seleniumhq\selenium\selenium-edge-driver\3.141.59\selenium-edge-driver-3.141.59.jar;C:\Users\karthik.subramani\.m2\repository\org\seleniumhq\selenium\selenium-firefox-driver\3.141.59\selenium-firefox-driver-3.141.59.jar;C:\Users\karthik.subramani\.m2\repository\org\seleniumhq\selenium\selenium-ie-driver\3.141.59\selenium-ie-driver-3.141.59.jar;C:\Users\karthik.subramani\.m2\repository\org\seleniumhq\selenium\selenium-opera-driver\3.141.59\selenium-opera-driver-3.141.59.jar;C:\Users\karthik.subramani\.m2\repository\org\seleniumhq\selenium\selenium-remote-driver\3.141.59\selenium-remote-driver-3.141.59.jar;C:\Users\karthik.subramani\.m2\repository\org\seleniumhq\selenium\selenium-safari-driver\3.141.59\selenium-safari-driver-3.141.59.jar;C:\Users\karthik.subramani\.m2\repository\org\seleniumhq\selenium\selenium-support\3.141.59\selenium-support-3.141.59.jar;C:\Users\karthik.subramani\.m2\repository\net\bytebuddy\byte-buddy\1.8.15\byte-buddy-1.8.15.jar;C:\Users\karthik.subramani\.m2\repository\org\apache\commons\commons-exec\1.3\commons-exec-1.3.jar;C:\Users\karthik.subramani\.m2\repository\com\google\guava\guava\25.0-jre\guava-25.0-jre.jar;C:\Users\karthik.subramani\.m2\repository\com\google\code\findbugs\jsr305\1.3.9\jsr305-1.3.9.jar;C:\Users\karthik.subramani\.m2\repository\org\checkerframework\checker-compat-qual\2.0.0\checker-compat-qual-2.0.0.jar;C:\Users\karthik.subramani\.m2\repository\com\google\errorprone\error_prone_annotations\2.1.3\error_prone_annotations-2.1.3.jar;C:\Users\karthik.subramani\.m2\repository\com\google\j2objc\j2objc-annotations\1.1\j2objc-annotations-1.1.jar;C:\Users\karthik.subramani\.m2\repository\org\codehaus\mojo\animal-sniffer-annotations\1.14\animal-sniffer-annotations-1.14.jar;C:\Users\karthik.subramani\.m2\repository\com\squareup\okhttp3\okhttp\3.11.0\okhttp-3.11.0.jar;C:\Users\karthik.subramani\.m2\repository\com\squareup\okio\okio\1.14.0\okio-1.14.0.jar;C:\Users\karthik.subramani\.m2\repository\org\apache\poi\poi\4.1.2\poi-4.1.2.jar;C:\Users\karthik.subramani\.m2\repository\commons-codec\commons-codec\1.13\commons-codec-1.13.jar;C:\Users\karthik.subramani\.m2\repository\org\apache\commons\commons-collections4\4.4\commons-collections4-4.4.jar;C:\Users\karthik.subramani\.m2\repository\org\apache\commons\commons-math3\3.6.1\commons-math3-3.6.1.jar;C:\Users\karthik.subramani\.m2\repository\com\zaxxer\SparseBitSet\1.2\SparseBitSet-1.2.jar;C:\Users\karthik.subramani\.m2\repository\org\apache\poi\poi-ooxml\4.1.2\poi-ooxml-4.1.2.jar;C:\Users\karthik.subramani\.m2\repository\org\apache\commons\commons-compress\1.19\commons-compress-1.19.jar;C:\Users\karthik.subramani\.m2\repository\com\github\virtuald\curvesapi\1.06\curvesapi-1.06.jar;C:\Users\karthik.subramani\.m2\repository\org\apache\poi\poi-ooxml-schemas\4.1.2\poi-ooxml-schemas-4.1.2.jar;C:\Users\karthik.subramani\.m2\repository\org\apache\xmlbeans\xmlbeans\3.1.0\xmlbeans-3.1.0.jar;C:\Users\karthik.subramani\.m2\repository\org\apache\logging\log4j\log4j-api\2.12.0\log4j-api-2.12.0.jar;C:\Users\karthik.subramani\.m2\repository\org\apache\logging\log4j\log4j-core\2.12.0\log4j-core-2.12.0.jar;C:\Users\karthik.subramani\.m2\repository\commons-io\commons-io\2.6\commons-io-2.6.jar;C:\Users\karthik.subramani\.m2\repository\org\testng\testng\6.11\testng-6.11.jar;C:\Users\karthik.subramani\.m2\repository\com\beust\jcommander\1.64\jcommander-1.64.jar;C:\Users\karthik.subramani\.m2\repository\org\yaml\snakeyaml\1.17\snakeyaml-1.17.jar;C:\Users\karthik.subramani\.m2\repository\com\aventstack\extentreports\4.1.3\extentreports-4.1.3.jar;C:\Users\karthik.subramani\.m2\repository\org\freemarker\freemarker\2.3.29\freemarker-2.3.29.jar;C:\Users\karthik.subramani\.m2\repository\org\apache\httpcomponents\httpclient\4.5.2\httpclient-4.5.2.jar;C:\Users\karthik.subramani\.m2\repository\org\apache\httpcomponents\httpcore\4.4.4\httpcore-4.4.4.jar;C:\Users\karthik.subramani\.m2\repository\commons-logging\commons-logging\1.2\commons-logging-1.2.jar;C:\Users\karthik.subramani\.m2\repository\org\apache\httpcomponents\httpmime\4.5.2\httpmime-4.5.2.jar;C:\Users\karthik.subramani\.m2\repository\com\google\code\gson\gson\2.8.6\gson-2.8.6.jar;C:\Users\karthik.subramani\.m2\repository\org\mongodb\mongodb-driver\3.12.0\mongodb-driver-3.12.0.jar;C:\Users\karthik.subramani\.m2\repository\org\mongodb\mongodb-driver-core\3.12.0\mongodb-driver-core-3.12.0.jar;C:\Users\karthik.subramani\.m2\repository\org\mongodb\bson\3.12.0\bson-3.12.0.jar;C:\Users\karthik.subramani\.m2\repository\com\relevantcodes\extentreports\2.41.2\extentreports-2.41.2.jar;C:\Users\karthik.subramani\.m2\repository\org\jsoup\jsoup\1.8.3\jsoup-1.8.3.jar;C:\Users\karthik.subramani\.m2\repository\org\xerial\sqlite-jdbc\3.8.11.1\sqlite-jdbc-3.8.11.1.jar;"/>
    <property name="java.vm.vendor" value="Oracle Corporation"/>
    <property name="sun.arch.data.model" value="64"/>
    <property name="user.variant" value=""/>
    <property name="java.vendor.url" value="http://java.oracle.com/"/>
    <property name="user.timezone" value="Asia/Calcutta"/>
    <property name="org.apache.logging.log4j.assignedSequences" value="5579"/>
    <property name="java.vm.specification.version" value="1.8"/>
    <property name="os.name" value="Windows 10"/>
    <property name="user.country" value="US"/>
    <property name="sun.java.launcher" value="SUN_STANDARD"/>
    <property name="sun.boot.library.path" value="C:\Program Files\Java\jdk1.8.0_201\jre\bin"/>
    <property name="sun.java.command" value="C:\Users\karthik.subramani\AppData\Local\Temp\surefire9088745471495254429\surefirebooter5628091985667714189.jar C:\Users\karthik.subramani\AppData\Local\Temp\surefire9088745471495254429 2020-03-27T15-01-15_749-jvmRun1 surefire302051804982936460tmp surefire_05573594778031103608tmp"/>
    <property name="surefire.test.class.path" value="D:\EclipseProjects\MIS\Orange\target\test-classes;D:\EclipseProjects\MIS\Orange\target\classes;C:\Users\karthik.subramani\.m2\repository\org\seleniumhq\selenium\selenium-java\3.141.59\selenium-java-3.141.59.jar;C:\Users\karthik.subramani\.m2\repository\org\seleniumhq\selenium\selenium-api\3.141.59\selenium-api-3.141.59.jar;C:\Users\karthik.subramani\.m2\repository\org\seleniumhq\selenium\selenium-chrome-driver\3.141.59\selenium-chrome-driver-3.141.59.jar;C:\Users\karthik.subramani\.m2\repository\org\seleniumhq\selenium\selenium-edge-driver\3.141.59\selenium-edge-driver-3.141.59.jar;C:\Users\karthik.subramani\.m2\repository\org\seleniumhq\selenium\selenium-firefox-driver\3.141.59\selenium-firefox-driver-3.141.59.jar;C:\Users\karthik.subramani\.m2\repository\org\seleniumhq\selenium\selenium-ie-driver\3.141.59\selenium-ie-driver-3.141.59.jar;C:\Users\karthik.subramani\.m2\repository\org\seleniumhq\selenium\selenium-opera-driver\3.141.59\selenium-opera-driver-3.141.59.jar;C:\Users\karthik.subramani\.m2\repository\org\seleniumhq\selenium\selenium-remote-driver\3.141.59\selenium-remote-driver-3.141.59.jar;C:\Users\karthik.subramani\.m2\repository\org\seleniumhq\selenium\selenium-safari-driver\3.141.59\selenium-safari-driver-3.141.59.jar;C:\Users\karthik.subramani\.m2\repository\org\seleniumhq\selenium\selenium-support\3.141.59\selenium-support-3.141.59.jar;C:\Users\karthik.subramani\.m2\repository\net\bytebuddy\byte-buddy\1.8.15\byte-buddy-1.8.15.jar;C:\Users\karthik.subramani\.m2\repository\org\apache\commons\commons-exec\1.3\commons-exec-1.3.jar;C:\Users\karthik.subramani\.m2\repository\com\google\guava\guava\25.0-jre\guava-25.0-jre.jar;C:\Users\karthik.subramani\.m2\repository\com\google\code\findbugs\jsr305\1.3.9\jsr305-1.3.9.jar;C:\Users\karthik.subramani\.m2\repository\org\checkerframework\checker-compat-qual\2.0.0\checker-compat-qual-2.0.0.jar;C:\Users\karthik.subramani\.m2\repository\com\google\errorprone\error_prone_annotations\2.1.3\error_prone_annotations-2.1.3.jar;C:\Users\karthik.subramani\.m2\repository\com\google\j2objc\j2objc-annotations\1.1\j2objc-annotations-1.1.jar;C:\Users\karthik.subramani\.m2\repository\org\codehaus\mojo\animal-sniffer-annotations\1.14\animal-sniffer-annotations-1.14.jar;C:\Users\karthik.subramani\.m2\repository\com\squareup\okhttp3\okhttp\3.11.0\okhttp-3.11.0.jar;C:\Users\karthik.subramani\.m2\repository\com\squareup\okio\okio\1.14.0\okio-1.14.0.jar;C:\Users\karthik.subramani\.m2\repository\org\apache\poi\poi\4.1.2\poi-4.1.2.jar;C:\Users\karthik.subramani\.m2\repository\commons-codec\commons-codec\1.13\commons-codec-1.13.jar;C:\Users\karthik.subramani\.m2\repository\org\apache\commons\commons-collections4\4.4\commons-collections4-4.4.jar;C:\Users\karthik.subramani\.m2\repository\org\apache\commons\commons-math3\3.6.1\commons-math3-3.6.1.jar;C:\Users\karthik.subramani\.m2\repository\com\zaxxer\SparseBitSet\1.2\SparseBitSet-1.2.jar;C:\Users\karthik.subramani\.m2\repository\org\apache\poi\poi-ooxml\4.1.2\poi-ooxml-4.1.2.jar;C:\Users\karthik.subramani\.m2\repository\org\apache\commons\commons-compress\1.19\commons-compress-1.19.jar;C:\Users\karthik.subramani\.m2\repository\com\github\virtuald\curvesapi\1.06\curvesapi-1.06.jar;C:\Users\karthik.subramani\.m2\repository\org\apache\poi\poi-ooxml-schemas\4.1.2\poi-ooxml-schemas-4.1.2.jar;C:\Users\karthik.subramani\.m2\repository\org\apache\xmlbeans\xmlbeans\3.1.0\xmlbeans-3.1.0.jar;C:\Users\karthik.subramani\.m2\repository\org\apache\logging\log4j\log4j-api\2.12.0\log4j-api-2.12.0.jar;C:\Users\karthik.subramani\.m2\repository\org\apache\logging\log4j\log4j-core\2.12.0\log4j-core-2.12.0.jar;C:\Users\karthik.subramani\.m2\repository\commons-io\commons-io\2.6\commons-io-2.6.jar;C:\Users\karthik.subramani\.m2\repository\org\testng\testng\6.11\testng-6.11.jar;C:\Users\karthik.subramani\.m2\repository\com\beust\jcommander\1.64\jcommander-1.64.jar;C:\Users\karthik.subramani\.m2\repository\org\yaml\snakeyaml\1.17\snakeyaml-1.17.jar;C:\Users\karthik.subramani\.m2\repository\com\aventstack\extentreports\4.1.3\extentreports-4.1.3.jar;C:\Users\karthik.subramani\.m2\repository\org\freemarker\freemarker\2.3.29\freemarker-2.3.29.jar;C:\Users\karthik.subramani\.m2\repository\org\apache\httpcomponents\httpclient\4.5.2\httpclient-4.5.2.jar;C:\Users\karthik.subramani\.m2\repository\org\apache\httpcomponents\httpcore\4.4.4\httpcore-4.4.4.jar;C:\Users\karthik.subramani\.m2\repository\commons-logging\commons-logging\1.2\commons-logging-1.2.jar;C:\Users\karthik.subramani\.m2\repository\org\apache\httpcomponents\httpmime\4.5.2\httpmime-4.5.2.jar;C:\Users\karthik.subramani\.m2\repository\com\google\code\gson\gson\2.8.6\gson-2.8.6.jar;C:\Users\karthik.subramani\.m2\repository\org\mongodb\mongodb-driver\3.12.0\mongodb-driver-3.12.0.jar;C:\Users\karthik.subramani\.m2\repository\org\mongodb\mongodb-driver-core\3.12.0\mongodb-driver-core-3.12.0.jar;C:\Users\karthik.subramani\.m2\repository\org\mongodb\bson\3.12.0\bson-3.12.0.jar;C:\Users\karthik.subramani\.m2\repository\com\relevantcodes\extentreports\2.41.2\extentreports-2.41.2.jar;C:\Users\karthik.subramani\.m2\repository\org\jsoup\jsoup\1.8.3\jsoup-1.8.3.jar;C:\Users\karthik.subramani\.m2\repository\org\xerial\sqlite-jdbc\3.8.11.1\sqlite-jdbc-3.8.11.1.jar;"/>
    <property name="sun.cpu.endian" value="little"/>
    <property name="user.home" value="C:\Users\karthik.subramani"/>
    <property name="user.language" value="en"/>
    <property name="java.specification.vendor" value="Oracle Corporation"/>
    <property name="java.home" value="C:\Program Files\Java\jdk1.8.0_201\jre"/>
    <property name="basedir" value="D:\EclipseProjects\MIS\Orange"/>
    <property name="file.separator" value="\"/>
    <property name="line.separator" value="&#10;"/>
    <property name="java.vm.specification.vendor" value="Oracle Corporation"/>
    <property name="java.specification.name" value="Java Platform API Specification"/>
    <property name="java.awt.graphicsenv" value="sun.awt.Win32GraphicsEnvironment"/>
    <property name="surefire.real.class.path" value="C:\Users\karthik.subramani\AppData\Local\Temp\surefire9088745471495254429\surefirebooter5628091985667714189.jar"/>
    <property name="sun.boot.class.path" value="C:\Program Files\Java\jdk1.8.0_201\jre\lib\resources.jar;C:\Program Files\Java\jdk1.8.0_201\jre\lib\rt.jar;C:\Program Files\Java\jdk1.8.0_201\jre\lib\sunrsasign.jar;C:\Program Files\Java\jdk1.8.0_201\jre\lib\jsse.jar;C:\Program Files\Java\jdk1.8.0_201\jre\lib\jce.jar;C:\Program Files\Java\jdk1.8.0_201\jre\lib\charsets.jar;C:\Program Files\Java\jdk1.8.0_201\jre\lib\jfr.jar;C:\Program Files\Java\jdk1.8.0_201\jre\classes"/>
    <property name="user.script" value=""/>
    <property name="sun.management.compiler" value="HotSpot 64-Bit Tiered Compilers"/>
    <property name="java.runtime.version" value="1.8.0_201-b09"/>
    <property name="user.name" value="karthik.subramani"/>
    <property name="path.separator" value=";"/>
    <property name="os.version" value="10.0"/>
    <property name="java.endorsed.dirs" value="C:\Program Files\Java\jdk1.8.0_201\jre\lib\endorsed"/>
    <property name="java.runtime.name" value="Java(TM) SE Runtime Environment"/>
    <property name="file.encoding" value="Cp1252"/>
    <property name="browser" value="chrome"/>
    <property name="java.vm.name" value="Java HotSpot(TM) 64-Bit Server VM"/>
    <property name="localRepository" value="C:\Users\karthik.subramani\.m2\repository"/>
    <property name="java.vendor.url.bug" value="http://bugreport.sun.com/bugreport/"/>
    <property name="java.io.tmpdir" value="C:\Users\KARTHI~1.SUB\AppData\Local\Temp\"/>
    <property name="java.version" value="1.8.0_201"/>
    <property name="user.dir" value="D:\EclipseProjects\MIS\Orange"/>
    <property name="os.arch" value="amd64"/>
    <property name="java.vm.specification.name" value="Java Virtual Machine Specification"/>
    <property name="java.awt.printerjob" value="sun.awt.windows.WPrinterJob"/>
    <property name="sun.os.patch.level" value=""/>
    <property name="java.library.path" value="C:\Program Files\Java\jdk1.8.0_201\jre\bin;C:\WINDOWS\Sun\Java\bin;C:\WINDOWS\system32;C:\WINDOWS;C:\Program Files (x86)\Common Files\Oracle\Java\javapath;C:\Program Files\Common Files\Microsoft Shared\Microsoft Online Services;C:\Program Files (x86)\Common Files\Microsoft Shared\Microsoft Online Services;C:\Program Files\Microsoft MPI\Bin\;C:\ProgramData\Oracle\Java\javapath;C:\WINDOWS\system32;C:\WINDOWS;C:\WINDOWS\System32\Wbem;C:\WINDOWS\System32\WindowsPowerShell\v1.0\;C:\Program Files\Microsoft SQL Server\130\Tools\Binn\;C:\Program Files\Microsoft SQL Server\Client SDK\ODBC\130\Tools\Binn\;C:\Program Files\dotnet\;C:\Program Files (x86)\Microsoft SQL Server\140\Tools\Binn\;C:\Program Files (x86)\Microsoft SQL Server\140\DTS\Binn\;C:\Program Files\Aladdin\eToken\PKIClient\x32;C:\Program Files\Aladdin\eToken\PKIClient\x64;C:\WINDOWS\System32\OpenSSH\;C:\Program Files\Microsoft SQL Server\140\Tools\Binn\;C:\Program Files\Microsoft SQL Server\140\DTS\Binn\;C:\nuget;C:\Users\karthik.subramani\AppData\Local\Taurus\Python;C:\Users\karthik.subramani\AppData\Local\Programs\Python\Python37-32\Scripts;C:\Users\karthik.subramani\AppData\Local\Programs\Python\Python37-32;C:\Users\karthik.subramani\AppData\Local\Programs\Python\Python37-32\Scripts;C:\Program Files\Taurus\bin;C:\Users\karthik.subramani;C:\Program Files\MongoDB\Server\4.0\bin;C:\Program Files\PuTTY\;C:\Users\karthik.subramani\AppData\Local\Taurus\bin;C:\Maven\apache-maven-3.6.1\bin;C:\Users\karthik.subramani\AppData\Local\Android\Sdk\tools\bin;C:\Users\karthik.subramani\AppData\Local\Android\Sdk\tools;C:\Users\karthik.subramani\AppData\Local\Android\Sdk\platform-tools;C:\Program Files\nodejs\;C:\Program Files\Git\cmd;C:\Program Files (x86)\Intel\Intel(R) Management Engine Components\DAL;C:\Program Files\Intel\Intel(R) Management Engine Components\DAL;C:\Program Files\Java\jdk1.8.0_201\bin;C:\Users\karthik.subramani\AppData\Local\Programs\Python\Python38-32\Scripts\;C:\Users\karthik.subramani\AppData\Local\Programs\Python\Python38-32\;C:\Users\karthik.subramani\AppData\Local\Programs\Fiddler;C:\Users\karthik.subramani\AppData\Roaming\npm;."/>
    <property name="java.vm.info" value="mixed mode"/>
    <property name="java.vendor" value="Oracle Corporation"/>
    <property name="java.vm.version" value="25.201-b09"/>
    <property name="java.ext.dirs" value="C:\Program Files\Java\jdk1.8.0_201\jre\lib\ext;C:\WINDOWS\Sun\Java\lib\ext"/>
    <property name="sun.io.unicode.encoding" value="UnicodeLittle"/>
    <property name="java.class.version" value="52.0"/>
  </properties>
  <testcase name="loginP" classname="orgTests.LoginPageTest" time="19.297">
    <failure message="element not interactable&#10;  (Session info: chrome=80.0.3987.149)&#10;Build info: version: &apos;3.141.59&apos;, revision: &apos;e82be7d358&apos;, time: &apos;2018-11-14T08:17:03&apos;&#10;System info: host: &apos;SAMLP17080055&apos;, ip: &apos;172.25.0.1&apos;, os.name: &apos;Windows 10&apos;, os.arch: &apos;amd64&apos;, os.version: &apos;10.0&apos;, java.version: &apos;1.8.0_201&apos;&#10;Driver info: org.openqa.selenium.chrome.ChromeDriver&#10;Capabilities {acceptInsecureCerts: false, browserName: chrome, browserVersion: 80.0.3987.149, chrome: {chromedriverVersion: 80.0.3987.106 (f68069574609..., userDataDir: C:\Users\KARTHI~1.SUB\AppDa...}, goog:chromeOptions: {debuggerAddress: localhost:58041}, javascriptEnabled: true, networkConnectionEnabled: false, pageLoadStrategy: normal, platform: WINDOWS, platformName: WINDOWS, proxy: Proxy(), setWindowRect: true, strictFileInteractability: false, timeouts: {implicit: 0, pageLoad: 300000, script: 30000}, unhandledPromptBehavior: dismiss and notify}&#10;Session ID: 0e5205700078872efe3b704cb7145628" type="org.openqa.selenium.ElementNotInteractableException"><![CDATA[org.openqa.selenium.ElementNotInteractableException: 
element not interactable
  (Session info: chrome=80.0.3987.149)
Build info: version: '3.141.59', revision: 'e82be7d358', time: '2018-11-14T08:17:03'
System info: host: 'SAMLP17080055', ip: '172.25.0.1', os.name: 'Windows 10', os.arch: 'amd64', os.version: '10.0', java.version: '1.8.0_201'
Driver info: org.openqa.selenium.chrome.ChromeDriver
Capabilities {acceptInsecureCerts: false, browserName: chrome, browserVersion: 80.0.3987.149, chrome: {chromedriverVersion: 80.0.3987.106 (f68069574609..., userDataDir: C:\Users\KARTHI~1.SUB\AppDa...}, goog:chromeOptions: {debuggerAddress: localhost:58041}, javascriptEnabled: true, networkConnectionEnabled: false, pageLoadStrategy: normal, platform: WINDOWS, platformName: WINDOWS, proxy: Proxy(), setWindowRect: true, strictFileInteractability: false, timeouts: {implicit: 0, pageLoad: 300000, script: 30000}, unhandledPromptBehavior: dismiss and notify}
Session ID: 0e5205700078872efe3b704cb7145628
	at orgTests.LoginPageTest.loginP(LoginPageTest.java:43)
]]></failure>
    <system-err><![CDATA[Starting ChromeDriver 80.0.3987.106 (f68069574609230cf9b635cd784cfb1bf81bb53a-refs/branch-heads/3987@{#882}) on port 10497
Only local connections are allowed.
Please protect ports used by ChromeDriver and related test frameworks to prevent access by malicious code.
Mar 27, 2020 3:01:21 PM org.openqa.selenium.remote.ProtocolHandshake createSession
INFO: Detected dialect: W3C
[1585301482.989][SEVERE]: Timed out receiving message from renderer: 0.100
[1585301483.093][SEVERE]: Timed out receiving message from renderer: 0.100
[1585301483.197][SEVERE]: Timed out receiving message from renderer: 0.100
[1585301483.299][SEVERE]: Timed out receiving message from renderer: 0.100
[1585301483.404][SEVERE]: Timed out receiving message from renderer: 0.100
[1585301483.505][SEVERE]: Timed out receiving message from renderer: 0.100
[1585301483.607][SEVERE]: Timed out receiving message from renderer: 0.100
[1585301483.709][SEVERE]: Timed out receiving message from renderer: 0.100
[1585301483.815][SEVERE]: Timed out receiving message from renderer: 0.100
[1585301483.916][SEVERE]: Timed out receiving message from renderer: 0.100
[1585301484.018][SEVERE]: Timed out receiving message from renderer: 0.100
[1585301484.121][SEVERE]: Timed out receiving message from renderer: 0.100
[1585301484.227][SEVERE]: Timed out receiving message from renderer: 0.100
[1585301484.328][SEVERE]: Timed out receiving message from renderer: 0.100
[1585301484.430][SEVERE]: Timed out receiving message from renderer: 0.100
[1585301484.531][SEVERE]: Timed out receiving message from renderer: 0.100
[1585301484.681][SEVERE]: Timed out receiving message from renderer: 0.100
[1585301484.937][SEVERE]: Timed out receiving message from renderer: 0.100
[1585301485.042][SEVERE]: Timed out receiving message from renderer: 0.100
[1585301485.233][SEVERE]: Timed out receiving message from renderer: 0.100
[1585301485.336][SEVERE]: Timed out receiving message from renderer: 0.100
[1585301485.495][SEVERE]: Timed out receiving message from renderer: 0.100
[1585301485.596][SEVERE]: Timed out receiving message from renderer: 0.100
[1585301485.768][SEVERE]: Timed out receiving message from renderer: 0.100
[1585301485.871][SEVERE]: Timed out receiving message from renderer: 0.100
[1585301486.043][SEVERE]: Timed out receiving message from renderer: 0.100
[1585301486.144][SEVERE]: Timed out receiving message from renderer: 0.100
[1585301486.350][SEVERE]: Timed out receiving message from renderer: 0.100
[1585301486.455][SEVERE]: Timed out receiving message from renderer: 0.100
[1585301486.556][SEVERE]: Timed out receiving message from renderer: 0.100
[1585301486.657][SEVERE]: Timed out receiving message from renderer: 0.100
[1585301486.758][SEVERE]: Timed out receiving message from renderer: 0.100
[1585301489.996][SEVERE]: Timed out receiving message from renderer: 0.100
[1585301490.097][SEVERE]: Timed out receiving message from renderer: 0.100
[1585301490.199][SEVERE]: Timed out receiving message from renderer: 0.100
[1585301490.300][SEVERE]: Timed out receiving message from renderer: 0.100
[1585301490.401][SEVERE]: Timed out receiving message from renderer: 0.100
[1585301490.576][SEVERE]: Timed out receiving message from renderer: 0.100
[1585301490.763][SEVERE]: Timed out receiving message from renderer: 0.100
[1585301490.864][SEVERE]: Timed out receiving message from renderer: 0.100
[1585301490.965][SEVERE]: Timed out receiving message from renderer: 0.100
[1585301491.066][SEVERE]: Timed out receiving message from renderer: 0.100
[1585301491.169][SEVERE]: Timed out receiving message from renderer: 0.100
[1585301491.270][SEVERE]: Timed out receiving message from renderer: 0.100
[1585301491.372][SEVERE]: Timed out receiving message from renderer: 0.100
[1585301491.474][SEVERE]: Timed out receiving message from renderer: 0.100
[1585301491.576][SEVERE]: Timed out receiving message from renderer: 0.100
[1585301491.677][SEVERE]: Timed out receiving message from renderer: 0.100
[1585301491.778][SEVERE]: Timed out receiving message from renderer: 0.100
]]></system-err>
  </testcase>
</testsuite>