<?xml version="1.0" encoding="UTF-8"?>
<!-- Generated by org.testng.reporters.JUnitReportReporter -->
<testsuite skipped="0" hostname="SAMLP17080055" name="orgTests.LoginPageTest" tests="1" failures="0" timestamp="26 Mar 2020 12:57:05 GMT" time="10.728" errors="0">
  <testcase name="loginP" time="10.728" classname="orgTests.LoginPageTest"/>
</testsuite> <!-- orgTests.LoginPageTest -->
