<?xml version="1.0" encoding="UTF-8"?>
<!-- Generated by org.testng.reporters.JUnitReportReporter -->
<testsuite skipped="0" hostname="SAMLP17080055" name="orgTests.LoginPageTest" tests="1" failures="0" timestamp="27 Mar 2020 09:32:34 GMT" time="8.578" errors="0">
  <testcase name="loginP" time="8.578" classname="orgTests.LoginPageTest"/>
</testsuite> <!-- orgTests.LoginPageTest -->
